{"D:\\Pratik Mandlik\\Learn\\Learn\\mvc-mgmt-project\\inhouse-eshop\\src\\index.ts": {"path":"D:\\Pratik Mandlik\\Learn\\Learn\\mvc-mgmt-project\\inhouse-eshop\\src\\index.ts","statementMap":{"0":{"start":{"line":1,"column":0},"end":{"line":1,"column":30}},"1":{"start":{"line":2,"column":0},"end":{"line":2,"column":28}},"2":{"start":{"line":3,"column":0},"end":{"line":3,"column":42}},"3":{"start":{"line":4,"column":0},"end":{"line":4,"column":45}},"4":{"start":{"line":5,"column":0},"end":{"line":5,"column":51}},"5":{"start":{"line":6,"column":0},"end":{"line":6,"column":45}},"6":{"start":{"line":7,"column":0},"end":{"line":7,"column":53}},"7":{"start":{"line":8,"column":0},"end":{"line":8,"column":41}},"8":{"start":{"line":10,"column":0},"end":{"line":10,"column":16}},"9":{"start":{"line":12,"column":12},"end":{"line":12,"column":21}},"10":{"start":{"line":13,"column":13},"end":{"line":13,"column":37}},"11":{"start":{"line":16,"column":0},"end":{"line":16,"column":24}},"12":{"start":{"line":19,"column":0},"end":{"line":19,"column":12}},"13":{"start":{"line":22,"column":0},"end":{"line":22,"column":34}},"14":{"start":{"line":23,"column":0},"end":{"line":23,"column":40}},"15":{"start":{"line":24,"column":0},"end":{"line":24,"column":33}},"16":{"start":{"line":25,"column":0},"end":{"line":25,"column":41}},"17":{"start":{"line":26,"column":0},"end":{"line":26,"column":73}},"18":{"start":{"line":26,"column":37},"end":{"line":26,"column":71}},"19":{"start":{"line":27,"column":0},"end":{"line":30,"column":3}},"20":{"start":{"line":28,"column":2},"end":{"line":28,"column":27}},"21":{"start":{"line":29,"column":2},"end":{"line":29,"column":76}},"22":{"start":{"line":33,"column":0},"end":{"line":33,"column":70}},"23":{"start":{"line":33,"column":23},"end":{"line":33,"column":68}},"24":{"start":{"line":36,"column":0},"end":{"line":36,"column":19}},"25":{"start":{"line":37,"column":13},"end":{"line":37,"column":39}}},"fnMap":{"0":{"name":"(anonymous_1)","decl":{"start":{"line":26,"column":13},"end":{"line":26,"column":14}},"loc":{"start":{"line":26,"column":37},"end":{"line":26,"column":71}}},"1":{"name":"(anonymous_2)","decl":{"start":{"line":27,"column":8},"end":{"line":27,"column":9}},"loc":{"start":{"line":27,"column":52},"end":{"line":30,"column":1}}},"2":{"name":"(anonymous_3)","decl":{"start":{"line":33,"column":17},"end":{"line":33,"column":20}},"loc":{"start":{"line":33,"column":23},"end":{"line":33,"column":68}}}},"branchMap":{"0":{"loc":{"start":{"line":13,"column":13},"end":{"line":13,"column":37}},"type":"binary-expr","locations":[{"start":{"line":13,"column":13},"end":{"line":13,"column":29}},{"start":{"line":13,"column":33},"end":{"line":13,"column":37}}]}},"s":{"0":2,"1":2,"2":2,"3":2,"4":2,"5":2,"6":2,"7":2,"8":2,"9":2,"10":2,"11":2,"12":2,"13":2,"14":2,"15":2,"16":2,"17":2,"18":1,"19":2,"20":0,"21":0,"22":2,"23":1,"24":2,"25":2},"f":{"0":1,"1":0,"2":1},"b":{"0":[2,0]}}
,"D:\\Pratik Mandlik\\Learn\\Learn\\mvc-mgmt-project\\inhouse-eshop\\src\\config\\database.ts": {"path":"D:\\Pratik Mandlik\\Learn\\Learn\\mvc-mgmt-project\\inhouse-eshop\\src\\config\\database.ts","statementMap":{"0":{"start":{"line":1,"column":0},"end":{"line":1,"column":32}},"1":{"start":{"line":3,"column":18},"end":{"line":15,"column":2}},"2":{"start":{"line":3,"column":29},"end":{"line":15,"column":2}},"3":{"start":{"line":4,"column":2},"end":{"line":14,"column":3}},"4":{"start":{"line":5,"column":17},"end":{"line":5,"column":68}},"5":{"start":{"line":6,"column":4},"end":{"line":6,"column":62}},"6":{"start":{"line":8,"column":4},"end":{"line":12,"column":5}},"7":{"start":{"line":9,"column":6},"end":{"line":9,"column":47}},"8":{"start":{"line":11,"column":6},"end":{"line":11,"column":49}},"9":{"start":{"line":13,"column":4},"end":{"line":13,"column":20}},"10":{"start":{"line":17,"column":0},"end":{"line":17,"column":25}}},"fnMap":{"0":{"name":"(anonymous_8)","decl":{"start":{"line":3,"column":18},"end":{"line":3,"column":27}},"loc":{"start":{"line":3,"column":29},"end":{"line":15,"column":2}}},"1":{"name":"(anonymous_9)","decl":{"start":{"line":3,"column":29},"end":{"line":3,"column":null}},"loc":{"start":{"line":3,"column":29},"end":{"line":15,"column":1}}}},"branchMap":{"0":{"loc":{"start":{"line":5,"column":40},"end":{"line":5,"column":67}},"type":"binary-expr","locations":[{"start":{"line":5,"column":40},"end":{"line":5,"column":61}},{"start":{"line":5,"column":65},"end":{"line":5,"column":67}}]},"1":{"loc":{"start":{"line":8,"column":4},"end":{"line":12,"column":5}},"type":"if","locations":[{"start":{"line":8,"column":4},"end":{"line":12,"column":5}},{"start":{"line":10,"column":11},"end":{"line":12,"column":5}}]}},"s":{"0":2,"1":2,"2":2,"3":2,"4":2,"5":0,"6":0,"7":0,"8":0,"9":0,"10":2},"f":{"0":2,"1":2},"b":{"0":[2,0],"1":[0,0]}}
,"D:\\Pratik Mandlik\\Learn\\Learn\\mvc-mgmt-project\\inhouse-eshop\\src\\controllers\\cartController.ts": {"path":"D:\\Pratik Mandlik\\Learn\\Learn\\mvc-mgmt-project\\inhouse-eshop\\src\\controllers\\cartController.ts","statementMap":{"0":{"start":{"line":2,"column":0},"end":{"line":2,"column":39}},"1":{"start":{"line":3,"column":0},"end":{"line":3,"column":45}},"2":{"start":{"line":6,"column":25},"end":{"line":57,"column":2}},"3":{"start":{"line":6,"column":77},"end":{"line":57,"column":2}},"4":{"start":{"line":7,"column":2},"end":{"line":56,"column":3}},"5":{"start":{"line":8,"column":44},"end":{"line":8,"column":52}},"6":{"start":{"line":11,"column":20},"end":{"line":11,"column":53}},"7":{"start":{"line":12,"column":4},"end":{"line":14,"column":5}},"8":{"start":{"line":13,"column":6},"end":{"line":13,"column":68}},"9":{"start":{"line":17,"column":15},"end":{"line":17,"column":51}},"10":{"start":{"line":19,"column":4},"end":{"line":47,"column":5}},"11":{"start":{"line":21,"column":6},"end":{"line":25,"column":9}},"12":{"start":{"line":28,"column":27},"end":{"line":28,"column":96}},"13":{"start":{"line":28,"column":58},"end":{"line":28,"column":95}},"14":{"start":{"line":30,"column":6},"end":{"line":36,"column":7}},"15":{"start":{"line":32,"column":8},"end":{"line":32,"column":42}},"16":{"start":{"line":35,"column":8},"end":{"line":35,"column":58}},"17":{"start":{"line":39,"column":18},"end":{"line":39,"column":19}},"18":{"start":{"line":40,"column":6},"end":{"line":45,"column":7}},"19":{"start":{"line":41,"column":24},"end":{"line":41,"column":60}},"20":{"start":{"line":42,"column":8},"end":{"line":44,"column":9}},"21":{"start":{"line":43,"column":10},"end":{"line":43,"column":49}},"22":{"start":{"line":46,"column":6},"end":{"line":46,"column":30}},"23":{"start":{"line":50,"column":4},"end":{"line":50,"column":22}},"24":{"start":{"line":52,"column":4},"end":{"line":52,"column":73}},"25":{"start":{"line":54,"column":4},"end":{"line":54,"column":55}},"26":{"start":{"line":55,"column":4},"end":{"line":55,"column":83}},"27":{"start":{"line":6,"column":13},"end":{"line":6,"column":25}},"28":{"start":{"line":60,"column":30},"end":{"line":92,"column":4}},"29":{"start":{"line":60,"column":82},"end":{"line":92,"column":4}},"30":{"start":{"line":61,"column":4},"end":{"line":91,"column":5}},"31":{"start":{"line":62,"column":36},"end":{"line":62,"column":44}},"32":{"start":{"line":65,"column":19},"end":{"line":65,"column":55}},"33":{"start":{"line":67,"column":6},"end":{"line":69,"column":7}},"34":{"start":{"line":68,"column":8},"end":{"line":68,"column":67}},"35":{"start":{"line":72,"column":6},"end":{"line":72,"column":91}},"36":{"start":{"line":72,"column":52},"end":{"line":72,"column":89}},"37":{"start":{"line":75,"column":18},"end":{"line":75,"column":19}},"38":{"start":{"line":76,"column":6},"end":{"line":81,"column":7}},"39":{"start":{"line":77,"column":24},"end":{"line":77,"column":60}},"40":{"start":{"line":78,"column":8},"end":{"line":80,"column":9}},"41":{"start":{"line":79,"column":10},"end":{"line":79,"column":49}},"42":{"start":{"line":82,"column":6},"end":{"line":82,"column":30}},"43":{"start":{"line":85,"column":6},"end":{"line":85,"column":24}},"44":{"start":{"line":87,"column":6},"end":{"line":87,"column":79}},"45":{"start":{"line":89,"column":6},"end":{"line":89,"column":61}},"46":{"start":{"line":90,"column":6},"end":{"line":90,"column":85}},"47":{"start":{"line":60,"column":13},"end":{"line":60,"column":30}},"48":{"start":{"line":96,"column":23},"end":{"line":112,"column":2}},"49":{"start":{"line":96,"column":75},"end":{"line":112,"column":2}},"50":{"start":{"line":97,"column":2},"end":{"line":111,"column":3}},"51":{"start":{"line":98,"column":23},"end":{"line":98,"column":33}},"52":{"start":{"line":101,"column":17},"end":{"line":101,"column":79}},"53":{"start":{"line":103,"column":4},"end":{"line":105,"column":5}},"54":{"start":{"line":104,"column":6},"end":{"line":104,"column":65}},"55":{"start":{"line":107,"column":4},"end":{"line":107,"column":38}},"56":{"start":{"line":109,"column":4},"end":{"line":109,"column":49}},"57":{"start":{"line":110,"column":4},"end":{"line":110,"column":83}},"58":{"start":{"line":96,"column":13},"end":{"line":96,"column":23}}},"fnMap":{"0":{"name":"(anonymous_8)","decl":{"start":{"line":6,"column":25},"end":{"line":6,"column":32}},"loc":{"start":{"line":6,"column":77},"end":{"line":57,"column":2}}},"1":{"name":"(anonymous_9)","decl":{"start":{"line":6,"column":77},"end":{"line":6,"column":null}},"loc":{"start":{"line":6,"column":77},"end":{"line":57,"column":1}}},"2":{"name":"(anonymous_10)","decl":{"start":{"line":28,"column":43},"end":{"line":28,"column":44}},"loc":{"start":{"line":28,"column":58},"end":{"line":28,"column":95}}},"3":{"name":"(anonymous_11)","decl":{"start":{"line":60,"column":30},"end":{"line":60,"column":37}},"loc":{"start":{"line":60,"column":82},"end":{"line":92,"column":4}}},"4":{"name":"(anonymous_12)","decl":{"start":{"line":60,"column":82},"end":{"line":60,"column":null}},"loc":{"start":{"line":60,"column":82},"end":{"line":92,"column":3}}},"5":{"name":"(anonymous_13)","decl":{"start":{"line":72,"column":37},"end":{"line":72,"column":38}},"loc":{"start":{"line":72,"column":52},"end":{"line":72,"column":89}}},"6":{"name":"(anonymous_14)","decl":{"start":{"line":96,"column":23},"end":{"line":96,"column":30}},"loc":{"start":{"line":96,"column":75},"end":{"line":112,"column":2}}},"7":{"name":"(anonymous_15)","decl":{"start":{"line":96,"column":75},"end":{"line":96,"column":null}},"loc":{"start":{"line":96,"column":75},"end":{"line":112,"column":1}}}},"branchMap":{"0":{"loc":{"start":{"line":12,"column":4},"end":{"line":14,"column":5}},"type":"if","locations":[{"start":{"line":12,"column":4},"end":{"line":14,"column":5}}]},"1":{"loc":{"start":{"line":19,"column":4},"end":{"line":47,"column":5}},"type":"if","locations":[{"start":{"line":19,"column":4},"end":{"line":47,"column":5}},{"start":{"line":26,"column":11},"end":{"line":47,"column":5}}]},"2":{"loc":{"start":{"line":30,"column":6},"end":{"line":36,"column":7}},"type":"if","locations":[{"start":{"line":30,"column":6},"end":{"line":36,"column":7}},{"start":{"line":33,"column":13},"end":{"line":36,"column":7}}]},"3":{"loc":{"start":{"line":42,"column":8},"end":{"line":44,"column":9}},"type":"if","locations":[{"start":{"line":42,"column":8},"end":{"line":44,"column":9}}]},"4":{"loc":{"start":{"line":67,"column":6},"end":{"line":69,"column":7}},"type":"if","locations":[{"start":{"line":67,"column":6},"end":{"line":69,"column":7}}]},"5":{"loc":{"start":{"line":78,"column":8},"end":{"line":80,"column":9}},"type":"if","locations":[{"start":{"line":78,"column":8},"end":{"line":80,"column":9}}]},"6":{"loc":{"start":{"line":103,"column":4},"end":{"line":105,"column":5}},"type":"if","locations":[{"start":{"line":103,"column":4},"end":{"line":105,"column":5}}]}},"s":{"0":2,"1":2,"2":2,"3":0,"4":0,"5":0,"6":0,"7":0,"8":0,"9":0,"10":0,"11":0,"12":0,"13":0,"14":0,"15":0,"16":0,"17":0,"18":0,"19":0,"20":0,"21":0,"22":0,"23":0,"24":0,"25":0,"26":0,"27":2,"28":2,"29":0,"30":0,"31":0,"32":0,"33":0,"34":0,"35":0,"36":0,"37":0,"38":0,"39":0,"40":0,"41":0,"42":0,"43":0,"44":0,"45":0,"46":0,"47":2,"48":2,"49":1,"50":1,"51":1,"52":1,"53":0,"54":0,"55":0,"56":1,"57":1,"58":2},"f":{"0":0,"1":0,"2":0,"3":0,"4":0,"5":0,"6":1,"7":1},"b":{"0":[0],"1":[0,0],"2":[0,0],"3":[0],"4":[0],"5":[0],"6":[0]}}
,"D:\\Pratik Mandlik\\Learn\\Learn\\mvc-mgmt-project\\inhouse-eshop\\src\\controllers\\productController.ts": {"path":"D:\\Pratik Mandlik\\Learn\\Learn\\mvc-mgmt-project\\inhouse-eshop\\src\\controllers\\productController.ts","statementMap":{"0":{"start":{"line":2,"column":0},"end":{"line":2,"column":45}},"1":{"start":{"line":5,"column":29},"end":{"line":43,"column":2}},"2":{"start":{"line":5,"column":81},"end":{"line":43,"column":2}},"3":{"start":{"line":6,"column":2},"end":{"line":42,"column":3}},"4":{"start":{"line":19,"column":8},"end":{"line":19,"column":16}},"5":{"start":{"line":22,"column":20},"end":{"line":34,"column":6}},"6":{"start":{"line":36,"column":4},"end":{"line":36,"column":25}},"7":{"start":{"line":38,"column":4},"end":{"line":38,"column":86}},"8":{"start":{"line":40,"column":4},"end":{"line":40,"column":52}},"9":{"start":{"line":41,"column":4},"end":{"line":41,"column":83}},"10":{"start":{"line":5,"column":13},"end":{"line":5,"column":29}},"11":{"start":{"line":46,"column":30},"end":{"line":54,"column":2}},"12":{"start":{"line":46,"column":83},"end":{"line":54,"column":2}},"13":{"start":{"line":47,"column":2},"end":{"line":53,"column":3}},"14":{"start":{"line":48,"column":21},"end":{"line":48,"column":59}},"15":{"start":{"line":49,"column":4},"end":{"line":49,"column":42}},"16":{"start":{"line":51,"column":4},"end":{"line":51,"column":53}},"17":{"start":{"line":52,"column":4},"end":{"line":52,"column":83}},"18":{"start":{"line":46,"column":13},"end":{"line":46,"column":30}},"19":{"start":{"line":57,"column":30},"end":{"line":70,"column":2}},"20":{"start":{"line":57,"column":82},"end":{"line":70,"column":2}},"21":{"start":{"line":58,"column":2},"end":{"line":69,"column":3}},"22":{"start":{"line":59,"column":20},"end":{"line":59,"column":57}},"23":{"start":{"line":61,"column":4},"end":{"line":63,"column":5}},"24":{"start":{"line":62,"column":6},"end":{"line":62,"column":80}},"25":{"start":{"line":65,"column":4},"end":{"line":65,"column":41}},"26":{"start":{"line":67,"column":4},"end":{"line":67,"column":52}},"27":{"start":{"line":68,"column":4},"end":{"line":68,"column":83}},"28":{"start":{"line":57,"column":13},"end":{"line":57,"column":30}},"29":{"start":{"line":73,"column":36},"end":{"line":87,"column":2}},"30":{"start":{"line":73,"column":88},"end":{"line":87,"column":2}},"31":{"start":{"line":74,"column":2},"end":{"line":86,"column":3}},"32":{"start":{"line":75,"column":21},"end":{"line":75,"column":40}},"33":{"start":{"line":76,"column":21},"end":{"line":76,"column":69}},"34":{"start":{"line":78,"column":4},"end":{"line":80,"column":5}},"35":{"start":{"line":79,"column":6},"end":{"line":79,"column":86}},"36":{"start":{"line":82,"column":4},"end":{"line":82,"column":42}},"37":{"start":{"line":84,"column":4},"end":{"line":84,"column":65}},"38":{"start":{"line":85,"column":4},"end":{"line":85,"column":83}},"39":{"start":{"line":73,"column":13},"end":{"line":73,"column":36}},"40":{"start":{"line":90,"column":33},"end":{"line":104,"column":2}},"41":{"start":{"line":90,"column":85},"end":{"line":104,"column":2}},"42":{"start":{"line":91,"column":2},"end":{"line":103,"column":3}},"43":{"start":{"line":92,"column":18},"end":{"line":92,"column":34}},"44":{"start":{"line":93,"column":21},"end":{"line":93,"column":66}},"45":{"start":{"line":95,"column":4},"end":{"line":97,"column":5}},"46":{"start":{"line":96,"column":6},"end":{"line":96,"column":84}},"47":{"start":{"line":99,"column":4},"end":{"line":99,"column":42}},"48":{"start":{"line":101,"column":4},"end":{"line":101,"column":62}},"49":{"start":{"line":102,"column":4},"end":{"line":102,"column":83}},"50":{"start":{"line":90,"column":13},"end":{"line":90,"column":33}},"51":{"start":{"line":107,"column":33},"end":{"line":123,"column":2}},"52":{"start":{"line":107,"column":85},"end":{"line":123,"column":2}},"53":{"start":{"line":108,"column":2},"end":{"line":122,"column":3}},"54":{"start":{"line":109,"column":18},"end":{"line":109,"column":34}},"55":{"start":{"line":110,"column":4},"end":{"line":110,"column":47}},"56":{"start":{"line":112,"column":21},"end":{"line":112,"column":66}},"57":{"start":{"line":114,"column":4},"end":{"line":116,"column":5}},"58":{"start":{"line":115,"column":6},"end":{"line":115,"column":84}},"59":{"start":{"line":118,"column":4},"end":{"line":118,"column":42}},"60":{"start":{"line":120,"column":4},"end":{"line":120,"column":62}},"61":{"start":{"line":121,"column":4},"end":{"line":121,"column":83}},"62":{"start":{"line":107,"column":13},"end":{"line":107,"column":33}},"63":{"start":{"line":126,"column":29},"end":{"line":167,"column":2}},"64":{"start":{"line":126,"column":81},"end":{"line":167,"column":2}},"65":{"start":{"line":127,"column":2},"end":{"line":166,"column":3}},"66":{"start":{"line":139,"column":8},"end":{"line":139,"column":16}},"67":{"start":{"line":141,"column":20},"end":{"line":156,"column":6}},"68":{"start":{"line":158,"column":4},"end":{"line":160,"column":5}},"69":{"start":{"line":159,"column":6},"end":{"line":159,"column":68}},"70":{"start":{"line":162,"column":4},"end":{"line":162,"column":86}},"71":{"start":{"line":164,"column":4},"end":{"line":164,"column":52}},"72":{"start":{"line":165,"column":4},"end":{"line":165,"column":83}},"73":{"start":{"line":126,"column":13},"end":{"line":126,"column":29}},"74":{"start":{"line":170,"column":29},"end":{"line":187,"column":2}},"75":{"start":{"line":170,"column":81},"end":{"line":187,"column":2}},"76":{"start":{"line":171,"column":2},"end":{"line":186,"column":3}},"77":{"start":{"line":172,"column":20},"end":{"line":175,"column":null}},"78":{"start":{"line":178,"column":4},"end":{"line":180,"column":5}},"79":{"start":{"line":179,"column":6},"end":{"line":179,"column":68}},"80":{"start":{"line":182,"column":4},"end":{"line":182,"column":90}},"81":{"start":{"line":184,"column":4},"end":{"line":184,"column":56}},"82":{"start":{"line":185,"column":4},"end":{"line":185,"column":83}},"83":{"start":{"line":170,"column":13},"end":{"line":170,"column":29}}},"fnMap":{"0":{"name":"(anonymous_8)","decl":{"start":{"line":5,"column":29},"end":{"line":5,"column":36}},"loc":{"start":{"line":5,"column":81},"end":{"line":43,"column":2}}},"1":{"name":"(anonymous_9)","decl":{"start":{"line":5,"column":81},"end":{"line":5,"column":null}},"loc":{"start":{"line":5,"column":81},"end":{"line":43,"column":1}}},"2":{"name":"(anonymous_10)","decl":{"start":{"line":46,"column":30},"end":{"line":46,"column":37}},"loc":{"start":{"line":46,"column":83},"end":{"line":54,"column":2}}},"3":{"name":"(anonymous_11)","decl":{"start":{"line":46,"column":83},"end":{"line":46,"column":null}},"loc":{"start":{"line":46,"column":83},"end":{"line":54,"column":1}}},"4":{"name":"(anonymous_12)","decl":{"start":{"line":57,"column":30},"end":{"line":57,"column":37}},"loc":{"start":{"line":57,"column":82},"end":{"line":70,"column":2}}},"5":{"name":"(anonymous_13)","decl":{"start":{"line":57,"column":82},"end":{"line":57,"column":null}},"loc":{"start":{"line":57,"column":82},"end":{"line":70,"column":1}}},"6":{"name":"(anonymous_14)","decl":{"start":{"line":73,"column":36},"end":{"line":73,"column":43}},"loc":{"start":{"line":73,"column":88},"end":{"line":87,"column":2}}},"7":{"name":"(anonymous_15)","decl":{"start":{"line":73,"column":88},"end":{"line":73,"column":null}},"loc":{"start":{"line":73,"column":88},"end":{"line":87,"column":1}}},"8":{"name":"(anonymous_16)","decl":{"start":{"line":90,"column":33},"end":{"line":90,"column":40}},"loc":{"start":{"line":90,"column":85},"end":{"line":104,"column":2}}},"9":{"name":"(anonymous_17)","decl":{"start":{"line":90,"column":85},"end":{"line":90,"column":null}},"loc":{"start":{"line":90,"column":85},"end":{"line":104,"column":1}}},"10":{"name":"(anonymous_18)","decl":{"start":{"line":107,"column":33},"end":{"line":107,"column":40}},"loc":{"start":{"line":107,"column":85},"end":{"line":123,"column":2}}},"11":{"name":"(anonymous_19)","decl":{"start":{"line":107,"column":85},"end":{"line":107,"column":null}},"loc":{"start":{"line":107,"column":85},"end":{"line":123,"column":1}}},"12":{"name":"(anonymous_20)","decl":{"start":{"line":126,"column":29},"end":{"line":126,"column":36}},"loc":{"start":{"line":126,"column":81},"end":{"line":167,"column":2}}},"13":{"name":"(anonymous_21)","decl":{"start":{"line":126,"column":81},"end":{"line":126,"column":null}},"loc":{"start":{"line":126,"column":81},"end":{"line":167,"column":1}}},"14":{"name":"(anonymous_22)","decl":{"start":{"line":170,"column":29},"end":{"line":170,"column":36}},"loc":{"start":{"line":170,"column":81},"end":{"line":187,"column":2}}},"15":{"name":"(anonymous_23)","decl":{"start":{"line":170,"column":81},"end":{"line":170,"column":null}},"loc":{"start":{"line":170,"column":81},"end":{"line":187,"column":1}}}},"branchMap":{"0":{"loc":{"start":{"line":33,"column":16},"end":{"line":33,"column":32}},"type":"cond-expr","locations":[{"start":{"line":33,"column":16},"end":{"line":33,"column":24}},{"start":{"line":33,"column":28},"end":{"line":33,"column":32}}]},"1":{"loc":{"start":{"line":33,"column":16},"end":{"line":33,"column":28}},"type":"binary-expr","locations":[{"start":{"line":33,"column":16},"end":{"line":33,"column":28}},{"start":{"line":33,"column":16},"end":{"line":33,"column":28}}]},"2":{"loc":{"start":{"line":61,"column":4},"end":{"line":63,"column":5}},"type":"if","locations":[{"start":{"line":61,"column":4},"end":{"line":63,"column":5}}]},"3":{"loc":{"start":{"line":61,"column":8},"end":{"line":61,"column":37}},"type":"binary-expr","locations":[{"start":{"line":61,"column":8},"end":{"line":61,"column":16}},{"start":{"line":61,"column":20},"end":{"line":61,"column":37}}]},"4":{"loc":{"start":{"line":78,"column":4},"end":{"line":80,"column":5}},"type":"if","locations":[{"start":{"line":78,"column":4},"end":{"line":80,"column":5}}]},"5":{"loc":{"start":{"line":95,"column":4},"end":{"line":97,"column":5}},"type":"if","locations":[{"start":{"line":95,"column":4},"end":{"line":97,"column":5}}]},"6":{"loc":{"start":{"line":114,"column":4},"end":{"line":116,"column":5}},"type":"if","locations":[{"start":{"line":114,"column":4},"end":{"line":116,"column":5}}]},"7":{"loc":{"start":{"line":158,"column":4},"end":{"line":160,"column":5}},"type":"if","locations":[{"start":{"line":158,"column":4},"end":{"line":160,"column":5}}]},"8":{"loc":{"start":{"line":178,"column":4},"end":{"line":180,"column":5}},"type":"if","locations":[{"start":{"line":178,"column":4},"end":{"line":180,"column":5}}]}},"s":{"0":2,"1":2,"2":0,"3":0,"4":0,"5":0,"6":0,"7":0,"8":0,"9":0,"10":2,"11":2,"12":0,"13":0,"14":0,"15":0,"16":0,"17":0,"18":2,"19":2,"20":0,"21":0,"22":0,"23":0,"24":0,"25":0,"26":0,"27":0,"28":2,"29":2,"30":0,"31":0,"32":0,"33":0,"34":0,"35":0,"36":0,"37":0,"38":0,"39":2,"40":2,"41":0,"42":0,"43":0,"44":0,"45":0,"46":0,"47":0,"48":0,"49":0,"50":2,"51":2,"52":0,"53":0,"54":0,"55":0,"56":0,"57":0,"58":0,"59":0,"60":0,"61":0,"62":2,"63":2,"64":0,"65":0,"66":0,"67":0,"68":0,"69":0,"70":0,"71":0,"72":0,"73":2,"74":2,"75":0,"76":0,"77":0,"78":0,"79":0,"80":0,"81":0,"82":0,"83":2},"f":{"0":0,"1":0,"2":0,"3":0,"4":0,"5":0,"6":0,"7":0,"8":0,"9":0,"10":0,"11":0,"12":0,"13":0,"14":0,"15":0},"b":{"0":[0,0],"1":[0,0],"2":[0],"3":[0,0],"4":[0],"5":[0],"6":[0],"7":[0],"8":[0]}}
,"D:\\Pratik Mandlik\\Learn\\Learn\\mvc-mgmt-project\\inhouse-eshop\\src\\controllers\\userController.ts": {"path":"D:\\Pratik Mandlik\\Learn\\Learn\\mvc-mgmt-project\\inhouse-eshop\\src\\controllers\\userController.ts","statementMap":{"0":{"start":{"line":2,"column":0},"end":{"line":2,"column":39}},"1":{"start":{"line":3,"column":0},"end":{"line":3,"column":32}},"2":{"start":{"line":4,"column":0},"end":{"line":4,"column":31}},"3":{"start":{"line":7,"column":28},"end":{"line":21,"column":2}},"4":{"start":{"line":7,"column":80},"end":{"line":21,"column":2}},"5":{"start":{"line":8,"column":2},"end":{"line":20,"column":3}},"6":{"start":{"line":9,"column":55},"end":{"line":9,"column":63}},"7":{"start":{"line":11,"column":25},"end":{"line":11,"column":54}},"8":{"start":{"line":12,"column":4},"end":{"line":14,"column":5}},"9":{"start":{"line":13,"column":6},"end":{"line":13,"column":70}},"10":{"start":{"line":16,"column":4},"end":{"line":16,"column":66}},"11":{"start":{"line":17,"column":4},"end":{"line":17,"column":64}},"12":{"start":{"line":19,"column":4},"end":{"line":19,"column":68}},"13":{"start":{"line":7,"column":13},"end":{"line":7,"column":28}},"14":{"start":{"line":24,"column":25},"end":{"line":58,"column":2}},"15":{"start":{"line":24,"column":77},"end":{"line":58,"column":2}},"16":{"start":{"line":25,"column":30},"end":{"line":25,"column":38}},"17":{"start":{"line":26,"column":2},"end":{"line":26,"column":35}},"18":{"start":{"line":27,"column":2},"end":{"line":57,"column":3}},"19":{"start":{"line":28,"column":17},"end":{"line":28,"column":46}},"20":{"start":{"line":29,"column":4},"end":{"line":29,"column":38}},"21":{"start":{"line":30,"column":4},"end":{"line":32,"column":5}},"22":{"start":{"line":31,"column":6},"end":{"line":31,"column":65}},"23":{"start":{"line":34,"column":20},"end":{"line":34,"column":56}},"24":{"start":{"line":35,"column":4},"end":{"line":35,"column":41}},"25":{"start":{"line":36,"column":4},"end":{"line":38,"column":5}},"26":{"start":{"line":37,"column":6},"end":{"line":37,"column":70}},"27":{"start":{"line":40,"column":18},"end":{"line":42,"column":6}},"28":{"start":{"line":45,"column":4},"end":{"line":45,"column":34}},"29":{"start":{"line":46,"column":4},"end":{"line":46,"column":54}},"30":{"start":{"line":48,"column":4},"end":{"line":48,"column":28}},"31":{"start":{"line":50,"column":4},"end":{"line":53,"column":7}},"32":{"start":{"line":55,"column":4},"end":{"line":55,"column":35}},"33":{"start":{"line":56,"column":4},"end":{"line":56,"column":83}},"34":{"start":{"line":24,"column":13},"end":{"line":24,"column":25}},"35":{"start":{"line":61,"column":24},"end":{"line":69,"column":2}},"36":{"start":{"line":61,"column":76},"end":{"line":69,"column":2}},"37":{"start":{"line":62,"column":2},"end":{"line":68,"column":3}},"38":{"start":{"line":63,"column":18},"end":{"line":63,"column":50}},"39":{"start":{"line":64,"column":4},"end":{"line":64,"column":32}},"40":{"start":{"line":66,"column":4},"end":{"line":66,"column":50}},"41":{"start":{"line":67,"column":4},"end":{"line":67,"column":76}},"42":{"start":{"line":61,"column":13},"end":{"line":61,"column":24}},"43":{"start":{"line":72,"column":26},"end":{"line":102,"column":2}},"44":{"start":{"line":72,"column":78},"end":{"line":102,"column":2}},"45":{"start":{"line":73,"column":21},"end":{"line":73,"column":31}},"46":{"start":{"line":74,"column":38},"end":{"line":74,"column":46}},"47":{"start":{"line":75,"column":2},"end":{"line":101,"column":3}},"48":{"start":{"line":77,"column":4},"end":{"line":79,"column":5}},"49":{"start":{"line":78,"column":6},"end":{"line":78,"column":73}},"50":{"start":{"line":82,"column":85},"end":{"line":82,"column":87}},"51":{"start":{"line":83,"column":4},"end":{"line":83,"column":34}},"52":{"start":{"line":83,"column":14},"end":{"line":83,"column":34}},"53":{"start":{"line":84,"column":4},"end":{"line":84,"column":37}},"54":{"start":{"line":84,"column":15},"end":{"line":84,"column":37}},"55":{"start":{"line":85,"column":4},"end":{"line":85,"column":34}},"56":{"start":{"line":85,"column":14},"end":{"line":85,"column":34}},"57":{"start":{"line":86,"column":4},"end":{"line":86,"column":34}},"58":{"start":{"line":86,"column":14},"end":{"line":86,"column":34}},"59":{"start":{"line":89,"column":24},"end":{"line":89,"column":84}},"60":{"start":{"line":90,"column":4},"end":{"line":92,"column":5}},"61":{"start":{"line":91,"column":6},"end":{"line":91,"column":65}},"62":{"start":{"line":94,"column":4},"end":{"line":97,"column":7}},"63":{"start":{"line":99,"column":4},"end":{"line":99,"column":49}},"64":{"start":{"line":100,"column":4},"end":{"line":100,"column":83}},"65":{"start":{"line":72,"column":13},"end":{"line":72,"column":26}},"66":{"start":{"line":104,"column":34},"end":{"line":123,"column":2}},"67":{"start":{"line":104,"column":102},"end":{"line":123,"column":2}},"68":{"start":{"line":105,"column":2},"end":{"line":122,"column":3}},"69":{"start":{"line":107,"column":25},"end":{"line":107,"column":33}},"70":{"start":{"line":108,"column":4},"end":{"line":110,"column":5}},"71":{"start":{"line":109,"column":6},"end":{"line":109,"column":80}},"72":{"start":{"line":113,"column":22},"end":{"line":113,"column":86}},"73":{"start":{"line":115,"column":4},"end":{"line":118,"column":7}},"74":{"start":{"line":120,"column":4},"end":{"line":120,"column":55}},"75":{"start":{"line":121,"column":4},"end":{"line":121,"column":83}},"76":{"start":{"line":104,"column":13},"end":{"line":104,"column":34}},"77":{"start":{"line":125,"column":26},"end":{"line":136,"column":2}},"78":{"start":{"line":125,"column":78},"end":{"line":136,"column":2}},"79":{"start":{"line":126,"column":21},"end":{"line":126,"column":31}},"80":{"start":{"line":127,"column":2},"end":{"line":135,"column":3}},"81":{"start":{"line":128,"column":17},"end":{"line":128,"column":44}},"82":{"start":{"line":129,"column":4},"end":{"line":131,"column":7}},"83":{"start":{"line":133,"column":4},"end":{"line":133,"column":49}},"84":{"start":{"line":134,"column":4},"end":{"line":134,"column":76}},"85":{"start":{"line":125,"column":13},"end":{"line":125,"column":26}},"86":{"start":{"line":139,"column":26},"end":{"line":158,"column":2}},"87":{"start":{"line":139,"column":78},"end":{"line":158,"column":2}},"88":{"start":{"line":140,"column":21},"end":{"line":140,"column":31}},"89":{"start":{"line":141,"column":2},"end":{"line":157,"column":3}},"90":{"start":{"line":143,"column":4},"end":{"line":145,"column":5}},"91":{"start":{"line":144,"column":6},"end":{"line":144,"column":73}},"92":{"start":{"line":146,"column":17},"end":{"line":146,"column":44}},"93":{"start":{"line":147,"column":4},"end":{"line":149,"column":5}},"94":{"start":{"line":148,"column":6},"end":{"line":148,"column":71}},"95":{"start":{"line":150,"column":4},"end":{"line":150,"column":41}},"96":{"start":{"line":151,"column":4},"end":{"line":153,"column":7}},"97":{"start":{"line":155,"column":4},"end":{"line":155,"column":50}},"98":{"start":{"line":156,"column":4},"end":{"line":156,"column":76}},"99":{"start":{"line":139,"column":13},"end":{"line":139,"column":26}}},"fnMap":{"0":{"name":"(anonymous_8)","decl":{"start":{"line":7,"column":28},"end":{"line":7,"column":35}},"loc":{"start":{"line":7,"column":80},"end":{"line":21,"column":2}}},"1":{"name":"(anonymous_9)","decl":{"start":{"line":7,"column":80},"end":{"line":7,"column":null}},"loc":{"start":{"line":7,"column":80},"end":{"line":21,"column":1}}},"2":{"name":"(anonymous_10)","decl":{"start":{"line":24,"column":25},"end":{"line":24,"column":32}},"loc":{"start":{"line":24,"column":77},"end":{"line":58,"column":2}}},"3":{"name":"(anonymous_11)","decl":{"start":{"line":24,"column":77},"end":{"line":24,"column":null}},"loc":{"start":{"line":24,"column":77},"end":{"line":58,"column":1}}},"4":{"name":"(anonymous_12)","decl":{"start":{"line":61,"column":24},"end":{"line":61,"column":31}},"loc":{"start":{"line":61,"column":76},"end":{"line":69,"column":2}}},"5":{"name":"(anonymous_13)","decl":{"start":{"line":61,"column":76},"end":{"line":61,"column":null}},"loc":{"start":{"line":61,"column":76},"end":{"line":69,"column":1}}},"6":{"name":"(anonymous_14)","decl":{"start":{"line":72,"column":26},"end":{"line":72,"column":33}},"loc":{"start":{"line":72,"column":78},"end":{"line":102,"column":2}}},"7":{"name":"(anonymous_15)","decl":{"start":{"line":72,"column":78},"end":{"line":72,"column":null}},"loc":{"start":{"line":72,"column":78},"end":{"line":102,"column":1}}},"8":{"name":"(anonymous_16)","decl":{"start":{"line":104,"column":34},"end":{"line":104,"column":41}},"loc":{"start":{"line":104,"column":102},"end":{"line":123,"column":2}}},"9":{"name":"(anonymous_17)","decl":{"start":{"line":104,"column":102},"end":{"line":104,"column":null}},"loc":{"start":{"line":104,"column":102},"end":{"line":123,"column":1}}},"10":{"name":"(anonymous_18)","decl":{"start":{"line":125,"column":26},"end":{"line":125,"column":33}},"loc":{"start":{"line":125,"column":78},"end":{"line":136,"column":2}}},"11":{"name":"(anonymous_19)","decl":{"start":{"line":125,"column":78},"end":{"line":125,"column":null}},"loc":{"start":{"line":125,"column":78},"end":{"line":136,"column":1}}},"12":{"name":"(anonymous_20)","decl":{"start":{"line":139,"column":26},"end":{"line":139,"column":33}},"loc":{"start":{"line":139,"column":78},"end":{"line":158,"column":2}}},"13":{"name":"(anonymous_21)","decl":{"start":{"line":139,"column":78},"end":{"line":139,"column":null}},"loc":{"start":{"line":139,"column":78},"end":{"line":158,"column":1}}}},"branchMap":{"0":{"loc":{"start":{"line":12,"column":4},"end":{"line":14,"column":5}},"type":"if","locations":[{"start":{"line":12,"column":4},"end":{"line":14,"column":5}}]},"1":{"loc":{"start":{"line":30,"column":4},"end":{"line":32,"column":5}},"type":"if","locations":[{"start":{"line":30,"column":4},"end":{"line":32,"column":5}}]},"2":{"loc":{"start":{"line":36,"column":4},"end":{"line":38,"column":5}},"type":"if","locations":[{"start":{"line":36,"column":4},"end":{"line":38,"column":5}}]},"3":{"loc":{"start":{"line":40,"column":45},"end":{"line":40,"column":73}},"type":"binary-expr","locations":[{"start":{"line":40,"column":45},"end":{"line":40,"column":67}},{"start":{"line":40,"column":71},"end":{"line":40,"column":73}}]},"4":{"loc":{"start":{"line":77,"column":4},"end":{"line":79,"column":5}},"type":"if","locations":[{"start":{"line":77,"column":4},"end":{"line":79,"column":5}}]},"5":{"loc":{"start":{"line":83,"column":4},"end":{"line":83,"column":34}},"type":"if","locations":[{"start":{"line":83,"column":4},"end":{"line":83,"column":34}}]},"6":{"loc":{"start":{"line":84,"column":4},"end":{"line":84,"column":37}},"type":"if","locations":[{"start":{"line":84,"column":4},"end":{"line":84,"column":37}}]},"7":{"loc":{"start":{"line":85,"column":4},"end":{"line":85,"column":34}},"type":"if","locations":[{"start":{"line":85,"column":4},"end":{"line":85,"column":34}}]},"8":{"loc":{"start":{"line":86,"column":4},"end":{"line":86,"column":34}},"type":"if","locations":[{"start":{"line":86,"column":4},"end":{"line":86,"column":34}}]},"9":{"loc":{"start":{"line":90,"column":4},"end":{"line":92,"column":5}},"type":"if","locations":[{"start":{"line":90,"column":4},"end":{"line":92,"column":5}}]},"10":{"loc":{"start":{"line":108,"column":4},"end":{"line":110,"column":5}},"type":"if","locations":[{"start":{"line":108,"column":4},"end":{"line":110,"column":5}}]},"11":{"loc":{"start":{"line":108,"column":8},"end":{"line":108,"column":56}},"type":"binary-expr","locations":[{"start":{"line":108,"column":8},"end":{"line":108,"column":21}},{"start":{"line":108,"column":25},"end":{"line":108,"column":56}}]},"12":{"loc":{"start":{"line":143,"column":4},"end":{"line":145,"column":5}},"type":"if","locations":[{"start":{"line":143,"column":4},"end":{"line":145,"column":5}}]},"13":{"loc":{"start":{"line":147,"column":4},"end":{"line":149,"column":5}},"type":"if","locations":[{"start":{"line":147,"column":4},"end":{"line":149,"column":5}}]}},"s":{"0":2,"1":2,"2":2,"3":2,"4":0,"5":0,"6":0,"7":0,"8":0,"9":0,"10":0,"11":0,"12":0,"13":2,"14":2,"15":0,"16":0,"17":0,"18":0,"19":0,"20":0,"21":0,"22":0,"23":0,"24":0,"25":0,"26":0,"27":0,"28":0,"29":0,"30":0,"31":0,"32":0,"33":0,"34":2,"35":2,"36":0,"37":0,"38":0,"39":0,"40":0,"41":0,"42":2,"43":2,"44":0,"45":0,"46":0,"47":0,"48":0,"49":0,"50":0,"51":0,"52":0,"53":0,"54":0,"55":0,"56":0,"57":0,"58":0,"59":0,"60":0,"61":0,"62":0,"63":0,"64":0,"65":2,"66":2,"67":0,"68":0,"69":0,"70":0,"71":0,"72":0,"73":0,"74":0,"75":0,"76":2,"77":2,"78":0,"79":0,"80":0,"81":0,"82":0,"83":0,"84":0,"85":2,"86":2,"87":0,"88":0,"89":0,"90":0,"91":0,"92":0,"93":0,"94":0,"95":0,"96":0,"97":0,"98":0,"99":2},"f":{"0":0,"1":0,"2":0,"3":0,"4":0,"5":0,"6":0,"7":0,"8":0,"9":0,"10":0,"11":0,"12":0,"13":0},"b":{"0":[0],"1":[0],"2":[0],"3":[0,0],"4":[0],"5":[0],"6":[0],"7":[0],"8":[0],"9":[0],"10":[0],"11":[0,0],"12":[0],"13":[0]}}
,"D:\\Pratik Mandlik\\Learn\\Learn\\mvc-mgmt-project\\inhouse-eshop\\src\\controllers\\wishlistController.ts": {"path":"D:\\Pratik Mandlik\\Learn\\Learn\\mvc-mgmt-project\\inhouse-eshop\\src\\controllers\\wishlistController.ts","statementMap":{"0":{"start":{"line":2,"column":0},"end":{"line":2,"column":47}},"1":{"start":{"line":3,"column":0},"end":{"line":3,"column":45}},"2":{"start":{"line":6,"column":29},"end":{"line":45,"column":2}},"3":{"start":{"line":6,"column":81},"end":{"line":45,"column":2}},"4":{"start":{"line":7,"column":2},"end":{"line":44,"column":3}},"5":{"start":{"line":8,"column":34},"end":{"line":8,"column":42}},"6":{"start":{"line":11,"column":20},"end":{"line":11,"column":53}},"7":{"start":{"line":12,"column":4},"end":{"line":14,"column":5}},"8":{"start":{"line":13,"column":6},"end":{"line":13,"column":68}},"9":{"start":{"line":17,"column":19},"end":{"line":17,"column":59}},"10":{"start":{"line":19,"column":4},"end":{"line":35,"column":5}},"11":{"start":{"line":21,"column":6},"end":{"line":24,"column":9}},"12":{"start":{"line":27,"column":27},"end":{"line":27,"column":100}},"13":{"start":{"line":27,"column":62},"end":{"line":27,"column":99}},"14":{"start":{"line":29,"column":6},"end":{"line":31,"column":7}},"15":{"start":{"line":30,"column":8},"end":{"line":30,"column":83}},"16":{"start":{"line":34,"column":6},"end":{"line":34,"column":50}},"17":{"start":{"line":38,"column":4},"end":{"line":38,"column":26}},"18":{"start":{"line":40,"column":4},"end":{"line":40,"column":81}},"19":{"start":{"line":42,"column":4},"end":{"line":42,"column":59}},"20":{"start":{"line":43,"column":4},"end":{"line":43,"column":83}},"21":{"start":{"line":6,"column":13},"end":{"line":6,"column":29}},"22":{"start":{"line":48,"column":34},"end":{"line":70,"column":2}},"23":{"start":{"line":48,"column":86},"end":{"line":70,"column":2}},"24":{"start":{"line":49,"column":2},"end":{"line":69,"column":3}},"25":{"start":{"line":50,"column":34},"end":{"line":50,"column":42}},"26":{"start":{"line":53,"column":21},"end":{"line":53,"column":61}},"27":{"start":{"line":55,"column":4},"end":{"line":57,"column":5}},"28":{"start":{"line":56,"column":6},"end":{"line":56,"column":69}},"29":{"start":{"line":60,"column":4},"end":{"line":60,"column":97}},"30":{"start":{"line":60,"column":58},"end":{"line":60,"column":95}},"31":{"start":{"line":63,"column":4},"end":{"line":63,"column":26}},"32":{"start":{"line":65,"column":4},"end":{"line":65,"column":85}},"33":{"start":{"line":67,"column":4},"end":{"line":67,"column":63}},"34":{"start":{"line":68,"column":4},"end":{"line":68,"column":83}},"35":{"start":{"line":48,"column":13},"end":{"line":48,"column":34}},"36":{"start":{"line":73,"column":27},"end":{"line":89,"column":2}},"37":{"start":{"line":73,"column":79},"end":{"line":89,"column":2}},"38":{"start":{"line":74,"column":2},"end":{"line":88,"column":3}},"39":{"start":{"line":75,"column":23},"end":{"line":75,"column":33}},"40":{"start":{"line":78,"column":21},"end":{"line":78,"column":87}},"41":{"start":{"line":80,"column":4},"end":{"line":82,"column":5}},"42":{"start":{"line":81,"column":6},"end":{"line":81,"column":69}},"43":{"start":{"line":84,"column":4},"end":{"line":84,"column":42}},"44":{"start":{"line":86,"column":4},"end":{"line":86,"column":53}},"45":{"start":{"line":87,"column":4},"end":{"line":87,"column":83}},"46":{"start":{"line":73,"column":13},"end":{"line":73,"column":27}}},"fnMap":{"0":{"name":"(anonymous_8)","decl":{"start":{"line":6,"column":29},"end":{"line":6,"column":36}},"loc":{"start":{"line":6,"column":81},"end":{"line":45,"column":2}}},"1":{"name":"(anonymous_9)","decl":{"start":{"line":6,"column":81},"end":{"line":6,"column":null}},"loc":{"start":{"line":6,"column":81},"end":{"line":45,"column":1}}},"2":{"name":"(anonymous_10)","decl":{"start":{"line":27,"column":47},"end":{"line":27,"column":48}},"loc":{"start":{"line":27,"column":62},"end":{"line":27,"column":99}}},"3":{"name":"(anonymous_11)","decl":{"start":{"line":48,"column":34},"end":{"line":48,"column":41}},"loc":{"start":{"line":48,"column":86},"end":{"line":70,"column":2}}},"4":{"name":"(anonymous_12)","decl":{"start":{"line":48,"column":86},"end":{"line":48,"column":null}},"loc":{"start":{"line":48,"column":86},"end":{"line":70,"column":1}}},"5":{"name":"(anonymous_13)","decl":{"start":{"line":60,"column":43},"end":{"line":60,"column":44}},"loc":{"start":{"line":60,"column":58},"end":{"line":60,"column":95}}},"6":{"name":"(anonymous_14)","decl":{"start":{"line":73,"column":27},"end":{"line":73,"column":34}},"loc":{"start":{"line":73,"column":79},"end":{"line":89,"column":2}}},"7":{"name":"(anonymous_15)","decl":{"start":{"line":73,"column":79},"end":{"line":73,"column":null}},"loc":{"start":{"line":73,"column":79},"end":{"line":89,"column":1}}}},"branchMap":{"0":{"loc":{"start":{"line":12,"column":4},"end":{"line":14,"column":5}},"type":"if","locations":[{"start":{"line":12,"column":4},"end":{"line":14,"column":5}}]},"1":{"loc":{"start":{"line":19,"column":4},"end":{"line":35,"column":5}},"type":"if","locations":[{"start":{"line":19,"column":4},"end":{"line":35,"column":5}},{"start":{"line":25,"column":11},"end":{"line":35,"column":5}}]},"2":{"loc":{"start":{"line":29,"column":6},"end":{"line":31,"column":7}},"type":"if","locations":[{"start":{"line":29,"column":6},"end":{"line":31,"column":7}}]},"3":{"loc":{"start":{"line":55,"column":4},"end":{"line":57,"column":5}},"type":"if","locations":[{"start":{"line":55,"column":4},"end":{"line":57,"column":5}}]},"4":{"loc":{"start":{"line":80,"column":4},"end":{"line":82,"column":5}},"type":"if","locations":[{"start":{"line":80,"column":4},"end":{"line":82,"column":5}}]}},"s":{"0":2,"1":2,"2":2,"3":0,"4":0,"5":0,"6":0,"7":0,"8":0,"9":0,"10":0,"11":0,"12":0,"13":0,"14":0,"15":0,"16":0,"17":0,"18":0,"19":0,"20":0,"21":2,"22":2,"23":0,"24":0,"25":0,"26":0,"27":0,"28":0,"29":0,"30":0,"31":0,"32":0,"33":0,"34":0,"35":2,"36":2,"37":0,"38":0,"39":0,"40":0,"41":0,"42":0,"43":0,"44":0,"45":0,"46":2},"f":{"0":0,"1":0,"2":0,"3":0,"4":0,"5":0,"6":0,"7":0},"b":{"0":[0],"1":[0,0],"2":[0],"3":[0],"4":[0]}}
,"D:\\Pratik Mandlik\\Learn\\Learn\\mvc-mgmt-project\\inhouse-eshop\\src\\middleware\\authMiddleware.ts": {"path":"D:\\Pratik Mandlik\\Learn\\Learn\\mvc-mgmt-project\\inhouse-eshop\\src\\middleware\\authMiddleware.ts","statementMap":{"0":{"start":{"line":1,"column":0},"end":{"line":1,"column":31}},"1":{"start":{"line":3,"column":0},"end":{"line":3,"column":39}},"2":{"start":{"line":6,"column":27},"end":{"line":35,"column":null}},"3":{"start":{"line":6,"column":99},"end":{"line":35,"column":null}},"4":{"start":{"line":7,"column":2},"end":{"line":34,"column":3}},"5":{"start":{"line":8,"column":18},"end":{"line":8,"column":58}},"6":{"start":{"line":9,"column":4},"end":{"line":11,"column":5}},"7":{"start":{"line":10,"column":6},"end":{"line":10,"column":84}},"8":{"start":{"line":14,"column":20},"end":{"line":14,"column":103}},"9":{"start":{"line":17,"column":17},"end":{"line":17,"column":48}},"10":{"start":{"line":18,"column":4},"end":{"line":20,"column":5}},"11":{"start":{"line":19,"column":6},"end":{"line":19,"column":66}},"12":{"start":{"line":23,"column":4},"end":{"line":25,"column":5}},"13":{"start":{"line":24,"column":6},"end":{"line":24,"column":78}},"14":{"start":{"line":28,"column":4},"end":{"line":28,"column":26}},"15":{"start":{"line":30,"column":4},"end":{"line":30,"column":11}},"16":{"start":{"line":32,"column":4},"end":{"line":32,"column":49}},"17":{"start":{"line":33,"column":4},"end":{"line":33,"column":79}},"18":{"start":{"line":6,"column":13},"end":{"line":6,"column":27}},"19":{"start":{"line":37,"column":27},"end":{"line":64,"column":2}},"20":{"start":{"line":37,"column":115},"end":{"line":64,"column":2}},"21":{"start":{"line":38,"column":2},"end":{"line":63,"column":3}},"22":{"start":{"line":39,"column":18},"end":{"line":39,"column":58}},"23":{"start":{"line":40,"column":4},"end":{"line":42,"column":5}},"24":{"start":{"line":41,"column":6},"end":{"line":41,"column":83}},"25":{"start":{"line":44,"column":20},"end":{"line":44,"column":103}},"26":{"start":{"line":45,"column":17},"end":{"line":45,"column":48}},"27":{"start":{"line":46,"column":4},"end":{"line":48,"column":5}},"28":{"start":{"line":47,"column":6},"end":{"line":47,"column":66}},"29":{"start":{"line":49,"column":4},"end":{"line":51,"column":5}},"30":{"start":{"line":50,"column":6},"end":{"line":50,"column":79}},"31":{"start":{"line":52,"column":4},"end":{"line":58,"column":6}},"32":{"start":{"line":60,"column":4},"end":{"line":60,"column":11}},"33":{"start":{"line":62,"column":4},"end":{"line":62,"column":77}},"34":{"start":{"line":37,"column":13},"end":{"line":37,"column":27}}},"fnMap":{"0":{"name":"(anonymous_8)","decl":{"start":{"line":6,"column":27},"end":{"line":6,"column":34}},"loc":{"start":{"line":6,"column":99},"end":{"line":35,"column":null}}},"1":{"name":"(anonymous_9)","decl":{"start":{"line":6,"column":99},"end":{"line":6,"column":null}},"loc":{"start":{"line":6,"column":99},"end":{"line":35,"column":1}}},"2":{"name":"(anonymous_10)","decl":{"start":{"line":37,"column":27},"end":{"line":37,"column":34}},"loc":{"start":{"line":37,"column":115},"end":{"line":64,"column":2}}},"3":{"name":"(anonymous_11)","decl":{"start":{"line":37,"column":115},"end":{"line":37,"column":null}},"loc":{"start":{"line":37,"column":115},"end":{"line":64,"column":1}}}},"branchMap":{"0":{"loc":{"start":{"line":8,"column":18},"end":{"line":8,"column":58}},"type":"cond-expr","locations":[{"start":{"line":8,"column":43},"end":{"line":8,"column":45}},{"start":{"line":8,"column":43},"end":{"line":8,"column":58}}]},"1":{"loc":{"start":{"line":8,"column":18},"end":{"line":8,"column":45}},"type":"binary-expr","locations":[{"start":{"line":8,"column":18},"end":{"line":8,"column":45}},{"start":{"line":8,"column":43},"end":{"line":8,"column":45}}]},"2":{"loc":{"start":{"line":9,"column":4},"end":{"line":11,"column":5}},"type":"if","locations":[{"start":{"line":9,"column":4},"end":{"line":11,"column":5}}]},"3":{"loc":{"start":{"line":14,"column":38},"end":{"line":14,"column":84}},"type":"binary-expr","locations":[{"start":{"line":14,"column":38},"end":{"line":14,"column":60}},{"start":{"line":14,"column":64},"end":{"line":14,"column":84}}]},"4":{"loc":{"start":{"line":18,"column":4},"end":{"line":20,"column":5}},"type":"if","locations":[{"start":{"line":18,"column":4},"end":{"line":20,"column":5}}]},"5":{"loc":{"start":{"line":23,"column":4},"end":{"line":25,"column":5}},"type":"if","locations":[{"start":{"line":23,"column":4},"end":{"line":25,"column":5}}]},"6":{"loc":{"start":{"line":39,"column":18},"end":{"line":39,"column":58}},"type":"cond-expr","locations":[{"start":{"line":39,"column":43},"end":{"line":39,"column":45}},{"start":{"line":39,"column":43},"end":{"line":39,"column":58}}]},"7":{"loc":{"start":{"line":39,"column":18},"end":{"line":39,"column":45}},"type":"binary-expr","locations":[{"start":{"line":39,"column":18},"end":{"line":39,"column":45}},{"start":{"line":39,"column":43},"end":{"line":39,"column":45}}]},"8":{"loc":{"start":{"line":40,"column":4},"end":{"line":42,"column":5}},"type":"if","locations":[{"start":{"line":40,"column":4},"end":{"line":42,"column":5}}]},"9":{"loc":{"start":{"line":44,"column":38},"end":{"line":44,"column":84}},"type":"binary-expr","locations":[{"start":{"line":44,"column":38},"end":{"line":44,"column":60}},{"start":{"line":44,"column":64},"end":{"line":44,"column":84}}]},"10":{"loc":{"start":{"line":46,"column":4},"end":{"line":48,"column":5}},"type":"if","locations":[{"start":{"line":46,"column":4},"end":{"line":48,"column":5}}]},"11":{"loc":{"start":{"line":49,"column":4},"end":{"line":51,"column":5}},"type":"if","locations":[{"start":{"line":49,"column":4},"end":{"line":51,"column":5}}]}},"s":{"0":2,"1":2,"2":2,"3":0,"4":0,"5":0,"6":0,"7":0,"8":0,"9":0,"10":0,"11":0,"12":0,"13":0,"14":0,"15":0,"16":0,"17":0,"18":2,"19":2,"20":0,"21":0,"22":0,"23":0,"24":0,"25":0,"26":0,"27":0,"28":0,"29":0,"30":0,"31":0,"32":0,"33":0,"34":2},"f":{"0":0,"1":0,"2":0,"3":0},"b":{"0":[0,0],"1":[0,0],"2":[0],"3":[0,0],"4":[0],"5":[0],"6":[0,0],"7":[0,0],"8":[0],"9":[0,0],"10":[0],"11":[0]}}
,"D:\\Pratik Mandlik\\Learn\\Learn\\mvc-mgmt-project\\inhouse-eshop\\src\\models\\cartModel.ts": {"path":"D:\\Pratik Mandlik\\Learn\\Learn\\mvc-mgmt-project\\inhouse-eshop\\src\\models\\cartModel.ts","statementMap":{"0":{"start":{"line":1,"column":0},"end":{"line":1,"column":54}},"1":{"start":{"line":14,"column":42},"end":{"line":17,"column":2}},"2":{"start":{"line":19,"column":34},"end":{"line":27,"column":null}},"3":{"start":{"line":30,"column":13},"end":{"line":30,"column":54}},"4":{"start":{"line":32,"column":0},"end":{"line":32,"column":20}}},"fnMap":{},"branchMap":{},"s":{"0":2,"1":2,"2":2,"3":2,"4":2},"f":{},"b":{}}
,"D:\\Pratik Mandlik\\Learn\\Learn\\mvc-mgmt-project\\inhouse-eshop\\src\\models\\counterModel.ts": {"path":"D:\\Pratik Mandlik\\Learn\\Learn\\mvc-mgmt-project\\inhouse-eshop\\src\\models\\counterModel.ts","statementMap":{"0":{"start":{"line":1,"column":0},"end":{"line":1,"column":54}},"1":{"start":{"line":8,"column":30},"end":{"line":11,"column":2}},"2":{"start":{"line":13,"column":16},"end":{"line":13,"column":66}},"3":{"start":{"line":15,"column":0},"end":{"line":15,"column":23}}},"fnMap":{},"branchMap":{},"s":{"0":2,"1":2,"2":2,"3":2},"f":{},"b":{}}
,"D:\\Pratik Mandlik\\Learn\\Learn\\mvc-mgmt-project\\inhouse-eshop\\src\\models\\productModel.ts": {"path":"D:\\Pratik Mandlik\\Learn\\Learn\\mvc-mgmt-project\\inhouse-eshop\\src\\models\\productModel.ts","statementMap":{"0":{"start":{"line":1,"column":0},"end":{"line":1,"column":54}},"1":{"start":{"line":22,"column":40},"end":{"line":53,"column":null}},"2":{"start":{"line":57,"column":16},"end":{"line":57,"column":66}},"3":{"start":{"line":59,"column":0},"end":{"line":59,"column":23}}},"fnMap":{},"branchMap":{},"s":{"0":2,"1":2,"2":2,"3":2},"f":{},"b":{}}
,"D:\\Pratik Mandlik\\Learn\\Learn\\mvc-mgmt-project\\inhouse-eshop\\src\\models\\userModel.ts": {"path":"D:\\Pratik Mandlik\\Learn\\Learn\\mvc-mgmt-project\\inhouse-eshop\\src\\models\\userModel.ts","statementMap":{"0":{"start":{"line":1,"column":0},"end":{"line":1,"column":54}},"1":{"start":{"line":2,"column":0},"end":{"line":2,"column":37}},"2":{"start":{"line":3,"column":0},"end":{"line":3,"column":30}},"3":{"start":{"line":17,"column":27},"end":{"line":26,"column":null}},"4":{"start":{"line":30,"column":0},"end":{"line":40,"column":3}},"5":{"start":{"line":31,"column":2},"end":{"line":38,"column":3}},"6":{"start":{"line":32,"column":20},"end":{"line":35,"column":null}},"7":{"start":{"line":37,"column":4},"end":{"line":37,"column":27}},"8":{"start":{"line":39,"column":2},"end":{"line":39,"column":9}},"9":{"start":{"line":43,"column":0},"end":{"line":49,"column":3}},"10":{"start":{"line":44,"column":2},"end":{"line":47,"column":3}},"11":{"start":{"line":45,"column":17},"end":{"line":45,"column":41}},"12":{"start":{"line":46,"column":4},"end":{"line":46,"column":59}},"13":{"start":{"line":48,"column":2},"end":{"line":48,"column":9}},"14":{"start":{"line":52,"column":0},"end":{"line":54,"column":2}},"15":{"start":{"line":53,"column":2},"end":{"line":53,"column":49}},"16":{"start":{"line":56,"column":13},"end":{"line":56,"column":54}},"17":{"start":{"line":58,"column":0},"end":{"line":58,"column":20}}},"fnMap":{"0":{"name":"(anonymous_17)","decl":{"start":{"line":30,"column":30},"end":{"line":30,"column":46}},"loc":{"start":{"line":30,"column":50},"end":{"line":40,"column":2}}},"1":{"name":"(anonymous_19)","decl":{"start":{"line":43,"column":30},"end":{"line":43,"column":46}},"loc":{"start":{"line":43,"column":50},"end":{"line":49,"column":2}}},"2":{"name":"(anonymous_21)","decl":{"start":{"line":52,"column":37},"end":{"line":52,"column":53}},"loc":{"start":{"line":52,"column":69},"end":{"line":54,"column":2}}}},"branchMap":{"0":{"loc":{"start":{"line":31,"column":2},"end":{"line":38,"column":3}},"type":"if","locations":[{"start":{"line":31,"column":2},"end":{"line":38,"column":3}}]},"1":{"loc":{"start":{"line":44,"column":2},"end":{"line":47,"column":3}},"type":"if","locations":[{"start":{"line":44,"column":2},"end":{"line":47,"column":3}}]}},"s":{"0":2,"1":2,"2":2,"3":2,"4":2,"5":0,"6":0,"7":0,"8":0,"9":2,"10":0,"11":0,"12":0,"13":0,"14":2,"15":0,"16":2,"17":2},"f":{"0":0,"1":0,"2":0},"b":{"0":[0],"1":[0]}}
,"D:\\Pratik Mandlik\\Learn\\Learn\\mvc-mgmt-project\\inhouse-eshop\\src\\models\\wishlistModel.ts": {"path":"D:\\Pratik Mandlik\\Learn\\Learn\\mvc-mgmt-project\\inhouse-eshop\\src\\models\\wishlistModel.ts","statementMap":{"0":{"start":{"line":1,"column":0},"end":{"line":1,"column":54}},"1":{"start":{"line":12,"column":50},"end":{"line":14,"column":2}},"2":{"start":{"line":16,"column":42},"end":{"line":23,"column":null}},"3":{"start":{"line":26,"column":17},"end":{"line":26,"column":70}},"4":{"start":{"line":28,"column":0},"end":{"line":28,"column":24}}},"fnMap":{},"branchMap":{},"s":{"0":2,"1":2,"2":2,"3":2,"4":2},"f":{},"b":{}}
,"D:\\Pratik Mandlik\\Learn\\Learn\\mvc-mgmt-project\\inhouse-eshop\\src\\routes\\cartRoutes.ts": {"path":"D:\\Pratik Mandlik\\Learn\\Learn\\mvc-mgmt-project\\inhouse-eshop\\src\\routes\\cartRoutes.ts","statementMap":{"0":{"start":{"line":1,"column":0},"end":{"line":1,"column":30}},"1":{"start":{"line":2,"column":0},"end":{"line":2,"column":83}},"2":{"start":{"line":4,"column":15},"end":{"line":4,"column":31}},"3":{"start":{"line":6,"column":0},"end":{"line":6,"column":34}},"4":{"start":{"line":7,"column":0},"end":{"line":7,"column":31}},"5":{"start":{"line":8,"column":0},"end":{"line":8,"column":39}},"6":{"start":{"line":9,"column":0},"end":{"line":9,"column":32}},"7":{"start":{"line":11,"column":0},"end":{"line":11,"column":22}}},"fnMap":{},"branchMap":{},"s":{"0":2,"1":2,"2":2,"3":2,"4":2,"5":2,"6":2,"7":2},"f":{},"b":{}}
,"D:\\Pratik Mandlik\\Learn\\Learn\\mvc-mgmt-project\\inhouse-eshop\\src\\routes\\productRoutes.ts": {"path":"D:\\Pratik Mandlik\\Learn\\Learn\\mvc-mgmt-project\\inhouse-eshop\\src\\routes\\productRoutes.ts","statementMap":{"0":{"start":{"line":1,"column":0},"end":{"line":1,"column":30}},"1":{"start":{"line":2,"column":0},"end":{"line":2,"column":null}},"2":{"start":{"line":12,"column":0},"end":{"line":12,"column":72}},"3":{"start":{"line":14,"column":15},"end":{"line":14,"column":31}},"4":{"start":{"line":16,"column":0},"end":{"line":16,"column":37}},"5":{"start":{"line":18,"column":0},"end":{"line":18,"column":60}},"6":{"start":{"line":19,"column":0},"end":{"line":19,"column":32}},"7":{"start":{"line":20,"column":0},"end":{"line":20,"column":35}},"8":{"start":{"line":21,"column":0},"end":{"line":21,"column":56}},"9":{"start":{"line":22,"column":0},"end":{"line":22,"column":47}},"10":{"start":{"line":23,"column":0},"end":{"line":23,"column":47}},"11":{"start":{"line":24,"column":0},"end":{"line":24,"column":61}},"12":{"start":{"line":25,"column":0},"end":{"line":25,"column":64}},"13":{"start":{"line":27,"column":0},"end":{"line":27,"column":22}}},"fnMap":{},"branchMap":{"0":{"loc":{"start":{"line":18,"column":16},"end":{"line":18,"column":42}},"type":"binary-expr","locations":[{"start":{"line":18,"column":16},"end":{"line":18,"column":27}},{"start":{"line":18,"column":31},"end":{"line":18,"column":42}}]},"1":{"loc":{"start":{"line":24,"column":18},"end":{"line":24,"column":44}},"type":"binary-expr","locations":[{"start":{"line":24,"column":18},"end":{"line":24,"column":29}},{"start":{"line":24,"column":33},"end":{"line":24,"column":44}}]},"2":{"loc":{"start":{"line":25,"column":21},"end":{"line":25,"column":47}},"type":"binary-expr","locations":[{"start":{"line":25,"column":21},"end":{"line":25,"column":32}},{"start":{"line":25,"column":36},"end":{"line":25,"column":47}}]}},"s":{"0":2,"1":2,"2":2,"3":2,"4":2,"5":2,"6":2,"7":2,"8":2,"9":2,"10":2,"11":2,"12":2,"13":2},"f":{},"b":{"0":[2,0],"1":[2,0],"2":[2,0]}}
,"D:\\Pratik Mandlik\\Learn\\Learn\\mvc-mgmt-project\\inhouse-eshop\\src\\routes\\userRoutes.ts": {"path":"D:\\Pratik Mandlik\\Learn\\Learn\\mvc-mgmt-project\\inhouse-eshop\\src\\routes\\userRoutes.ts","statementMap":{"0":{"start":{"line":1,"column":0},"end":{"line":1,"column":30}},"1":{"start":{"line":2,"column":0},"end":{"line":2,"column":139}},"2":{"start":{"line":3,"column":0},"end":{"line":3,"column":72}},"3":{"start":{"line":4,"column":15},"end":{"line":4,"column":31}},"4":{"start":{"line":6,"column":0},"end":{"line":6,"column":34}},"5":{"start":{"line":8,"column":0},"end":{"line":8,"column":39}},"6":{"start":{"line":9,"column":0},"end":{"line":9,"column":33}},"7":{"start":{"line":10,"column":0},"end":{"line":10,"column":48}},"8":{"start":{"line":11,"column":0},"end":{"line":11,"column":49}},"9":{"start":{"line":12,"column":0},"end":{"line":12,"column":62}},"10":{"start":{"line":13,"column":0},"end":{"line":13,"column":63}},"11":{"start":{"line":14,"column":0},"end":{"line":14,"column":59}},"12":{"start":{"line":16,"column":0},"end":{"line":16,"column":22}}},"fnMap":{},"branchMap":{},"s":{"0":2,"1":2,"2":2,"3":2,"4":2,"5":2,"6":2,"7":2,"8":2,"9":2,"10":2,"11":2,"12":2},"f":{},"b":{}}
,"D:\\Pratik Mandlik\\Learn\\Learn\\mvc-mgmt-project\\inhouse-eshop\\src\\routes\\wishlistRoutes.ts": {"path":"D:\\Pratik Mandlik\\Learn\\Learn\\mvc-mgmt-project\\inhouse-eshop\\src\\routes\\wishlistRoutes.ts","statementMap":{"0":{"start":{"line":1,"column":0},"end":{"line":1,"column":30}},"1":{"start":{"line":2,"column":0},"end":{"line":2,"column":99}},"2":{"start":{"line":4,"column":15},"end":{"line":4,"column":31}},"3":{"start":{"line":6,"column":0},"end":{"line":6,"column":35}},"4":{"start":{"line":7,"column":0},"end":{"line":7,"column":43}},"5":{"start":{"line":8,"column":0},"end":{"line":8,"column":36}},"6":{"start":{"line":10,"column":0},"end":{"line":10,"column":22}}},"fnMap":{},"branchMap":{},"s":{"0":2,"1":2,"2":2,"3":2,"4":2,"5":2,"6":2},"f":{},"b":{}}
,"D:\\Pratik Mandlik\\Learn\\Learn\\mvc-mgmt-project\\inhouse-eshop\\src\\types\\express.d.ts": {"path":"D:\\Pratik Mandlik\\Learn\\Learn\\mvc-mgmt-project\\inhouse-eshop\\src\\types\\express.d.ts","statementMap":{},"fnMap":{},"branchMap":{},"s":{},"f":{},"b":{}}
}
